{"C:\\Users\\karin\\Desktop\\pinflag\\pinflag\\src\\App.jsx": {"path":"C:\\Users\\karin\\Desktop\\pinflag\\pinflag\\src\\App.jsx","all":true,"statementMap":{"0":{"start":{"line":1,"column":0},"end":{"line":1,"column":64}},"1":{"start":{"line":2,"column":0},"end":{"line":2,"column":38}},"2":{"start":{"line":3,"column":0},"end":{"line":3,"column":40}},"3":{"start":{"line":4,"column":0},"end":{"line":4,"column":38}},"5":{"start":{"line":6,"column":0},"end":{"line":6,"column":16}},"6":{"start":{"line":7,"column":0},"end":{"line":7,"column":10}},"7":{"start":{"line":8,"column":0},"end":{"line":8,"column":19}},"8":{"start":{"line":9,"column":0},"end":{"line":9,"column":14}},"9":{"start":{"line":10,"column":0},"end":{"line":10,"column":48}},"10":{"start":{"line":11,"column":0},"end":{"line":11,"column":57}},"11":{"start":{"line":12,"column":0},"end":{"line":12,"column":61}},"15":{"start":{"line":16,"column":0},"end":{"line":16,"column":1}},"16":{"start":{"line":17,"column":0},"end":{"line":17,"column":19}}},"s":{"0":0,"1":0,"2":0,"3":0,"5":0,"6":0,"7":0,"8":0,"9":0,"10":0,"11":0,"15":0,"16":0},"branchMap":{"0":{"type":"branch","line":1,"loc":{"start":{"line":1,"column":480},"end":{"line":17,"column":19}},"locations":[{"start":{"line":1,"column":480},"end":{"line":17,"column":19}}]}},"b":{"0":[0]},"fnMap":{"0":{"name":"(empty-report)","decl":{"start":{"line":1,"column":480},"end":{"line":17,"column":19}},"loc":{"start":{"line":1,"column":480},"end":{"line":17,"column":19}},"line":1}},"f":{"0":0}}
,"C:\\Users\\karin\\Desktop\\pinflag\\pinflag\\src\\main.jsx": {"path":"C:\\Users\\karin\\Desktop\\pinflag\\pinflag\\src\\main.jsx","all":true,"statementMap":{"0":{"start":{"line":1,"column":0},"end":{"line":1,"column":26}},"1":{"start":{"line":2,"column":0},"end":{"line":2,"column":40}},"2":{"start":{"line":3,"column":0},"end":{"line":3,"column":40}},"3":{"start":{"line":4,"column":0},"end":{"line":4,"column":47}},"4":{"start":{"line":5,"column":0},"end":{"line":5,"column":28}},"5":{"start":{"line":6,"column":0},"end":{"line":6,"column":21}},"7":{"start":{"line":8,"column":0},"end":{"line":8,"column":60}},"8":{"start":{"line":9,"column":0},"end":{"line":9,"column":20}},"9":{"start":{"line":10,"column":0},"end":{"line":10,"column":11}}},"s":{"0":0,"1":0,"2":0,"3":0,"4":0,"5":0,"7":0,"8":0,"9":0},"branchMap":{"0":{"type":"branch","line":1,"loc":{"start":{"line":1,"column":327},"end":{"line":12,"column":2}},"locations":[{"start":{"line":1,"column":327},"end":{"line":12,"column":2}}]}},"b":{"0":[0]},"fnMap":{"0":{"name":"(empty-report)","decl":{"start":{"line":1,"column":327},"end":{"line":12,"column":2}},"loc":{"start":{"line":1,"column":327},"end":{"line":12,"column":2}},"line":1}},"f":{"0":0}}
,"C:\\Users\\karin\\Desktop\\pinflag\\pinflag\\src\\components\\Header.jsx": {"path":"C:\\Users\\karin\\Desktop\\pinflag\\pinflag\\src\\components\\Header.jsx","all":true,"statementMap":{"0":{"start":{"line":1,"column":0},"end":{"line":1,"column":44}},"1":{"start":{"line":2,"column":0},"end":{"line":2,"column":60}},"2":{"start":{"line":3,"column":0},"end":{"line":3,"column":22}},"3":{"start":{"line":4,"column":0},"end":{"line":4,"column":38}},"4":{"start":{"line":5,"column":0},"end":{"line":5,"column":26}},"6":{"start":{"line":7,"column":0},"end":{"line":7,"column":17}},"7":{"start":{"line":8,"column":0},"end":{"line":8,"column":9}},"8":{"start":{"line":9,"column":0},"end":{"line":9,"column":17}},"9":{"start":{"line":10,"column":0},"end":{"line":10,"column":15}},"10":{"start":{"line":11,"column":0},"end":{"line":11,"column":21}},"11":{"start":{"line":12,"column":0},"end":{"line":12,"column":16}},"12":{"start":{"line":13,"column":0},"end":{"line":13,"column":20}},"13":{"start":{"line":14,"column":0},"end":{"line":14,"column":4}},"14":{"start":{"line":15,"column":0},"end":{"line":15,"column":33}},"15":{"start":{"line":16,"column":0},"end":{"line":16,"column":33}},"17":{"start":{"line":18,"column":0},"end":{"line":18,"column":66}},"19":{"start":{"line":20,"column":0},"end":{"line":20,"column":41}},"20":{"start":{"line":21,"column":0},"end":{"line":21,"column":53}},"22":{"start":{"line":23,"column":0},"end":{"line":23,"column":19}},"23":{"start":{"line":24,"column":0},"end":{"line":24,"column":25}},"24":{"start":{"line":25,"column":0},"end":{"line":25,"column":65}},"25":{"start":{"line":26,"column":0},"end":{"line":26,"column":92}},"26":{"start":{"line":27,"column":0},"end":{"line":27,"column":9}},"27":{"start":{"line":28,"column":0},"end":{"line":28,"column":71}},"28":{"start":{"line":29,"column":0},"end":{"line":29,"column":41}},"29":{"start":{"line":30,"column":0},"end":{"line":30,"column":9}},"30":{"start":{"line":31,"column":0},"end":{"line":31,"column":5}},"31":{"start":{"line":32,"column":0},"end":{"line":32,"column":22}},"33":{"start":{"line":34,"column":0},"end":{"line":34,"column":10}},"34":{"start":{"line":35,"column":0},"end":{"line":35,"column":41}},"35":{"start":{"line":36,"column":0},"end":{"line":36,"column":66}},"36":{"start":{"line":37,"column":0},"end":{"line":37,"column":12}},"37":{"start":{"line":38,"column":0},"end":{"line":38,"column":20}},"38":{"start":{"line":39,"column":0},"end":{"line":39,"column":28}},"39":{"start":{"line":40,"column":0},"end":{"line":40,"column":33}},"40":{"start":{"line":41,"column":0},"end":{"line":41,"column":39}},"44":{"start":{"line":45,"column":0},"end":{"line":45,"column":26}},"45":{"start":{"line":46,"column":0},"end":{"line":46,"column":10}},"46":{"start":{"line":47,"column":0},"end":{"line":47,"column":16}},"47":{"start":{"line":48,"column":0},"end":{"line":48,"column":23}},"48":{"start":{"line":49,"column":0},"end":{"line":49,"column":43}},"49":{"start":{"line":50,"column":0},"end":{"line":50,"column":26}},"50":{"start":{"line":51,"column":0},"end":{"line":51,"column":60}},"51":{"start":{"line":52,"column":0},"end":{"line":52,"column":37}},"54":{"start":{"line":55,"column":0},"end":{"line":55,"column":91}},"55":{"start":{"line":56,"column":0},"end":{"line":56,"column":42}},"56":{"start":{"line":57,"column":0},"end":{"line":57,"column":34}},"57":{"start":{"line":58,"column":0},"end":{"line":58,"column":56}},"58":{"start":{"line":59,"column":0},"end":{"line":59,"column":72}},"63":{"start":{"line":64,"column":0},"end":{"line":64,"column":97}},"64":{"start":{"line":65,"column":0},"end":{"line":65,"column":48}},"65":{"start":{"line":66,"column":0},"end":{"line":66,"column":46}},"66":{"start":{"line":67,"column":0},"end":{"line":67,"column":55}},"67":{"start":{"line":68,"column":0},"end":{"line":68,"column":31}},"72":{"start":{"line":73,"column":0},"end":{"line":73,"column":75}},"73":{"start":{"line":74,"column":0},"end":{"line":74,"column":54}},"79":{"start":{"line":80,"column":0},"end":{"line":80,"column":1}},"81":{"start":{"line":82,"column":0},"end":{"line":82,"column":22}}},"s":{"0":0,"1":0,"2":0,"3":0,"4":0,"6":0,"7":0,"8":0,"9":0,"10":0,"11":0,"12":0,"13":0,"14":0,"15":0,"17":0,"19":0,"20":0,"22":0,"23":0,"24":0,"25":0,"26":0,"27":0,"28":0,"29":0,"30":0,"31":0,"33":0,"34":0,"35":0,"36":0,"37":0,"38":0,"39":0,"40":0,"44":0,"45":0,"46":0,"47":0,"48":0,"49":0,"50":0,"51":0,"54":0,"55":0,"56":0,"57":0,"58":0,"63":0,"64":0,"65":0,"66":0,"67":0,"72":0,"73":0,"79":0,"81":0},"branchMap":{"0":{"type":"branch","line":1,"loc":{"start":{"line":1,"column":2472},"end":{"line":82,"column":22}},"locations":[{"start":{"line":1,"column":2472},"end":{"line":82,"column":22}}]}},"b":{"0":[0]},"fnMap":{"0":{"name":"(empty-report)","decl":{"start":{"line":1,"column":2472},"end":{"line":82,"column":22}},"loc":{"start":{"line":1,"column":2472},"end":{"line":82,"column":22}},"line":1}},"f":{"0":0}}
,"C:\\Users\\karin\\Desktop\\pinflag\\pinflag\\src\\components\\Loader.jsx": {"path":"C:\\Users\\karin\\Desktop\\pinflag\\pinflag\\src\\components\\Loader.jsx","all":true,"statementMap":{"0":{"start":{"line":1,"column":0},"end":{"line":1,"column":44}},"1":{"start":{"line":2,"column":0},"end":{"line":2,"column":22}},"2":{"start":{"line":3,"column":0},"end":{"line":3,"column":46}},"4":{"start":{"line":5,"column":0},"end":{"line":5,"column":31}},"5":{"start":{"line":6,"column":0},"end":{"line":6,"column":48}},"7":{"start":{"line":8,"column":0},"end":{"line":8,"column":19}},"9":{"start":{"line":10,"column":0},"end":{"line":10,"column":38}},"10":{"start":{"line":11,"column":0},"end":{"line":11,"column":23}},"12":{"start":{"line":13,"column":0},"end":{"line":13,"column":24}},"13":{"start":{"line":14,"column":0},"end":{"line":14,"column":33}},"14":{"start":{"line":15,"column":0},"end":{"line":15,"column":15}},"15":{"start":{"line":16,"column":0},"end":{"line":16,"column":13}},"17":{"start":{"line":18,"column":0},"end":{"line":18,"column":39}},"18":{"start":{"line":19,"column":0},"end":{"line":19,"column":17}},"20":{"start":{"line":21,"column":0},"end":{"line":21,"column":10}},"21":{"start":{"line":22,"column":0},"end":{"line":22,"column":63}},"22":{"start":{"line":23,"column":0},"end":{"line":23,"column":39}},"23":{"start":{"line":24,"column":0},"end":{"line":24,"column":12}},"24":{"start":{"line":25,"column":0},"end":{"line":25,"column":24}},"25":{"start":{"line":26,"column":0},"end":{"line":26,"column":32}},"26":{"start":{"line":27,"column":0},"end":{"line":27,"column":79}},"31":{"start":{"line":32,"column":0},"end":{"line":32,"column":1}},"33":{"start":{"line":34,"column":0},"end":{"line":34,"column":22}}},"s":{"0":0,"1":0,"2":0,"4":0,"5":0,"7":0,"9":0,"10":0,"12":0,"13":0,"14":0,"15":0,"17":0,"18":0,"20":0,"21":0,"22":0,"23":0,"24":0,"25":0,"26":0,"31":0,"33":0},"branchMap":{"0":{"type":"branch","line":1,"loc":{"start":{"line":1,"column":796},"end":{"line":34,"column":22}},"locations":[{"start":{"line":1,"column":796},"end":{"line":34,"column":22}}]}},"b":{"0":[0]},"fnMap":{"0":{"name":"(empty-report)","decl":{"start":{"line":1,"column":796},"end":{"line":34,"column":22}},"loc":{"start":{"line":1,"column":796},"end":{"line":34,"column":22}},"line":1}},"f":{"0":0}}
,"C:\\Users\\karin\\Desktop\\pinflag\\pinflag\\src\\components\\PokemonCard.jsx": {"path":"C:\\Users\\karin\\Desktop\\pinflag\\pinflag\\src\\components\\PokemonCard.jsx","all":true,"statementMap":{"0":{"start":{"line":1,"column":0},"end":{"line":1,"column":27}},"2":{"start":{"line":3,"column":0},"end":{"line":3,"column":78}},"3":{"start":{"line":4,"column":0},"end":{"line":4,"column":10}},"4":{"start":{"line":5,"column":0},"end":{"line":5,"column":52}},"5":{"start":{"line":6,"column":0},"end":{"line":6,"column":62}},"6":{"start":{"line":7,"column":0},"end":{"line":7,"column":36}},"7":{"start":{"line":8,"column":0},"end":{"line":8,"column":48}},"8":{"start":{"line":9,"column":0},"end":{"line":9,"column":15}},"9":{"start":{"line":10,"column":0},"end":{"line":10,"column":37}},"10":{"start":{"line":11,"column":0},"end":{"line":11,"column":27}},"11":{"start":{"line":12,"column":0},"end":{"line":12,"column":32}},"12":{"start":{"line":13,"column":0},"end":{"line":13,"column":31}},"13":{"start":{"line":14,"column":0},"end":{"line":14,"column":12}},"15":{"start":{"line":16,"column":0},"end":{"line":16,"column":36}},"20":{"start":{"line":21,"column":0},"end":{"line":21,"column":1}},"22":{"start":{"line":23,"column":0},"end":{"line":23,"column":27}}},"s":{"0":0,"2":0,"3":0,"4":0,"5":0,"6":0,"7":0,"8":0,"9":0,"10":0,"11":0,"12":0,"13":0,"15":0,"20":0,"22":0},"branchMap":{"0":{"type":"branch","line":1,"loc":{"start":{"line":1,"column":627},"end":{"line":23,"column":27}},"locations":[{"start":{"line":1,"column":627},"end":{"line":23,"column":27}}]}},"b":{"0":[0]},"fnMap":{"0":{"name":"(empty-report)","decl":{"start":{"line":1,"column":627},"end":{"line":23,"column":27}},"loc":{"start":{"line":1,"column":627},"end":{"line":23,"column":27}},"line":1}},"f":{"0":0}}
,"C:\\Users\\karin\\Desktop\\pinflag\\pinflag\\src\\components\\SkeletonCard.jsx": {"path":"C:\\Users\\karin\\Desktop\\pinflag\\pinflag\\src\\components\\SkeletonCard.jsx","all":true,"statementMap":{"0":{"start":{"line":1,"column":0},"end":{"line":1,"column":28}},"2":{"start":{"line":3,"column":0},"end":{"line":3,"column":25}},"3":{"start":{"line":4,"column":0},"end":{"line":4,"column":10}},"4":{"start":{"line":5,"column":0},"end":{"line":5,"column":35}},"5":{"start":{"line":6,"column":0},"end":{"line":6,"column":52}},"6":{"start":{"line":7,"column":0},"end":{"line":7,"column":37}},"7":{"start":{"line":8,"column":0},"end":{"line":8,"column":59}},"8":{"start":{"line":9,"column":0},"end":{"line":9,"column":53}},"12":{"start":{"line":13,"column":0},"end":{"line":13,"column":1}},"14":{"start":{"line":15,"column":0},"end":{"line":15,"column":28}}},"s":{"0":0,"2":0,"3":0,"4":0,"5":0,"6":0,"7":0,"8":0,"12":0,"14":0},"branchMap":{"0":{"type":"branch","line":1,"loc":{"start":{"line":1,"column":382},"end":{"line":15,"column":28}},"locations":[{"start":{"line":1,"column":382},"end":{"line":15,"column":28}}]}},"b":{"0":[0]},"fnMap":{"0":{"name":"(empty-report)","decl":{"start":{"line":1,"column":382},"end":{"line":15,"column":28}},"loc":{"start":{"line":1,"column":382},"end":{"line":15,"column":28}},"line":1}},"f":{"0":0}}
,"C:\\Users\\karin\\Desktop\\pinflag\\pinflag\\src\\pages\\Landing.jsx": {"path":"C:\\Users\\karin\\Desktop\\pinflag\\pinflag\\src\\pages\\Landing.jsx","all":false,"statementMap":{"0":{"start":{"line":1,"column":0},"end":{"line":1,"column":33}},"1":{"start":{"line":2,"column":0},"end":{"line":2,"column":47}},"2":{"start":{"line":3,"column":0},"end":{"line":3,"column":23}},"3":{"start":{"line":4,"column":0},"end":{"line":4,"column":44}},"4":{"start":{"line":5,"column":0},"end":{"line":5,"column":50}},"5":{"start":{"line":6,"column":0},"end":{"line":6,"column":42}},"7":{"start":{"line":8,"column":0},"end":{"line":8,"column":20}},"8":{"start":{"line":9,"column":0},"end":{"line":9,"column":33}},"9":{"start":{"line":10,"column":0},"end":{"line":10,"column":48}},"11":{"start":{"line":12,"column":0},"end":{"line":12,"column":29}},"12":{"start":{"line":13,"column":0},"end":{"line":13,"column":21}},"13":{"start":{"line":14,"column":0},"end":{"line":14,"column":22}},"14":{"start":{"line":15,"column":0},"end":{"line":15,"column":28}},"15":{"start":{"line":16,"column":0},"end":{"line":16,"column":14}},"16":{"start":{"line":17,"column":0},"end":{"line":17,"column":4}},"18":{"start":{"line":19,"column":0},"end":{"line":19,"column":10}},"19":{"start":{"line":20,"column":0},"end":{"line":20,"column":6}},"20":{"start":{"line":21,"column":0},"end":{"line":21,"column":29}},"22":{"start":{"line":23,"column":0},"end":{"line":23,"column":20}},"23":{"start":{"line":24,"column":0},"end":{"line":24,"column":43}},"24":{"start":{"line":25,"column":0},"end":{"line":25,"column":60}},"26":{"start":{"line":27,"column":0},"end":{"line":27,"column":80}},"28":{"start":{"line":29,"column":0},"end":{"line":29,"column":43}},"29":{"start":{"line":30,"column":0},"end":{"line":30,"column":66}},"30":{"start":{"line":31,"column":0},"end":{"line":31,"column":44}},"31":{"start":{"line":32,"column":0},"end":{"line":32,"column":80}},"34":{"start":{"line":35,"column":0},"end":{"line":35,"column":67}},"39":{"start":{"line":40,"column":0},"end":{"line":40,"column":78}},"44":{"start":{"line":45,"column":0},"end":{"line":45,"column":1}},"46":{"start":{"line":47,"column":0},"end":{"line":47,"column":23}}},"s":{"0":1,"1":1,"2":1,"3":1,"4":1,"5":1,"7":6,"8":6,"9":6,"11":6,"12":2,"13":2,"14":1,"15":2,"16":2,"18":6,"19":6,"20":6,"22":6,"23":6,"24":6,"26":6,"28":6,"29":6,"30":6,"31":6,"34":6,"39":6,"44":6,"46":1},"branchMap":{"0":{"type":"branch","line":8,"loc":{"start":{"line":8,"column":0},"end":{"line":45,"column":1}},"locations":[{"start":{"line":8,"column":0},"end":{"line":45,"column":1}}]},"1":{"type":"branch","line":12,"loc":{"start":{"line":12,"column":22},"end":{"line":17,"column":4}},"locations":[{"start":{"line":12,"column":22},"end":{"line":17,"column":4}}]},"2":{"type":"branch","line":14,"loc":{"start":{"line":14,"column":15},"end":{"line":16,"column":7}},"locations":[{"start":{"line":14,"column":15},"end":{"line":16,"column":7}}]}},"b":{"0":[6],"1":[2],"2":[1]},"fnMap":{"0":{"name":"Landing","decl":{"start":{"line":8,"column":0},"end":{"line":45,"column":1}},"loc":{"start":{"line":8,"column":0},"end":{"line":45,"column":1}},"line":8},"1":{"name":"handleStart","decl":{"start":{"line":12,"column":22},"end":{"line":17,"column":4}},"loc":{"start":{"line":12,"column":22},"end":{"line":17,"column":4}},"line":12}},"f":{"0":6,"1":2}}
,"C:\\Users\\karin\\Desktop\\pinflag\\pinflag\\src\\pages\\Pokedex.jsx": {"path":"C:\\Users\\karin\\Desktop\\pinflag\\pinflag\\src\\pages\\Pokedex.jsx","all":false,"statementMap":{"0":{"start":{"line":1,"column":0},"end":{"line":1,"column":44}},"1":{"start":{"line":2,"column":0},"end":{"line":2,"column":58}},"2":{"start":{"line":3,"column":0},"end":{"line":3,"column":93}},"3":{"start":{"line":4,"column":0},"end":{"line":4,"column":26}},"4":{"start":{"line":5,"column":0},"end":{"line":5,"column":42}},"5":{"start":{"line":6,"column":0},"end":{"line":6,"column":23}},"7":{"start":{"line":8,"column":0},"end":{"line":8,"column":20}},"8":{"start":{"line":9,"column":0},"end":{"line":9,"column":31}},"9":{"start":{"line":10,"column":0},"end":{"line":10,"column":33}},"10":{"start":{"line":11,"column":0},"end":{"line":11,"column":47}},"11":{"start":{"line":12,"column":0},"end":{"line":12,"column":47}},"12":{"start":{"line":13,"column":0},"end":{"line":13,"column":47}},"13":{"start":{"line":14,"column":0},"end":{"line":14,"column":49}},"15":{"start":{"line":16,"column":0},"end":{"line":16,"column":19}},"16":{"start":{"line":17,"column":0},"end":{"line":17,"column":33}},"17":{"start":{"line":18,"column":0},"end":{"line":18,"column":9}},"19":{"start":{"line":20,"column":0},"end":{"line":20,"column":19}},"20":{"start":{"line":21,"column":0},"end":{"line":21,"column":35}},"21":{"start":{"line":22,"column":0},"end":{"line":22,"column":23}},"22":{"start":{"line":23,"column":0},"end":{"line":23,"column":11}},"23":{"start":{"line":24,"column":0},"end":{"line":24,"column":85}},"24":{"start":{"line":25,"column":0},"end":{"line":25,"column":96}},"25":{"start":{"line":26,"column":0},"end":{"line":26,"column":33}},"26":{"start":{"line":27,"column":0},"end":{"line":27,"column":36}},"27":{"start":{"line":28,"column":0},"end":{"line":28,"column":21}},"28":{"start":{"line":29,"column":0},"end":{"line":29,"column":27}},"29":{"start":{"line":30,"column":0},"end":{"line":30,"column":17}},"30":{"start":{"line":31,"column":0},"end":{"line":31,"column":26}},"31":{"start":{"line":32,"column":0},"end":{"line":32,"column":7}},"32":{"start":{"line":33,"column":0},"end":{"line":33,"column":6}},"33":{"start":{"line":34,"column":0},"end":{"line":34,"column":16}},"34":{"start":{"line":35,"column":0},"end":{"line":35,"column":13}},"36":{"start":{"line":37,"column":0},"end":{"line":37,"column":32}},"37":{"start":{"line":38,"column":0},"end":{"line":38,"column":47}},"38":{"start":{"line":39,"column":0},"end":{"line":39,"column":26}},"39":{"start":{"line":40,"column":0},"end":{"line":40,"column":4}},"41":{"start":{"line":42,"column":0},"end":{"line":42,"column":40}},"42":{"start":{"line":43,"column":0},"end":{"line":43,"column":12}},"43":{"start":{"line":44,"column":0},"end":{"line":44,"column":39}},"44":{"start":{"line":45,"column":0},"end":{"line":45,"column":47}},"45":{"start":{"line":46,"column":0},"end":{"line":46,"column":32}},"48":{"start":{"line":49,"column":0},"end":{"line":49,"column":3}},"50":{"start":{"line":51,"column":0},"end":{"line":51,"column":60}},"51":{"start":{"line":52,"column":0},"end":{"line":52,"column":75}},"53":{"start":{"line":54,"column":0},"end":{"line":54,"column":104}},"55":{"start":{"line":56,"column":0},"end":{"line":56,"column":10}},"56":{"start":{"line":57,"column":0},"end":{"line":57,"column":6}},"57":{"start":{"line":58,"column":0},"end":{"line":58,"column":16}},"58":{"start":{"line":59,"column":0},"end":{"line":59,"column":44}},"59":{"start":{"line":60,"column":0},"end":{"line":60,"column":62}},"60":{"start":{"line":61,"column":0},"end":{"line":61,"column":41}},"61":{"start":{"line":62,"column":0},"end":{"line":62,"column":44}},"62":{"start":{"line":63,"column":0},"end":{"line":63,"column":90}},"63":{"start":{"line":64,"column":0},"end":{"line":64,"column":43}},"64":{"start":{"line":65,"column":0},"end":{"line":65,"column":78}},"68":{"start":{"line":69,"column":0},"end":{"line":69,"column":46}},"69":{"start":{"line":70,"column":0},"end":{"line":70,"column":18}},"70":{"start":{"line":71,"column":0},"end":{"line":71,"column":21}},"71":{"start":{"line":72,"column":0},"end":{"line":72,"column":99}},"72":{"start":{"line":73,"column":0},"end":{"line":73,"column":47}},"74":{"start":{"line":75,"column":0},"end":{"line":75,"column":34}},"75":{"start":{"line":76,"column":0},"end":{"line":76,"column":42}},"80":{"start":{"line":81,"column":0},"end":{"line":81,"column":46}},"81":{"start":{"line":82,"column":0},"end":{"line":82,"column":21}},"82":{"start":{"line":83,"column":0},"end":{"line":83,"column":43}},"83":{"start":{"line":84,"column":0},"end":{"line":84,"column":40}},"84":{"start":{"line":85,"column":0},"end":{"line":85,"column":44}},"86":{"start":{"line":87,"column":0},"end":{"line":87,"column":48}},"87":{"start":{"line":88,"column":0},"end":{"line":88,"column":58}},"92":{"start":{"line":93,"column":0},"end":{"line":93,"column":42}},"93":{"start":{"line":94,"column":0},"end":{"line":94,"column":66}},"95":{"start":{"line":96,"column":0},"end":{"line":96,"column":52}},"96":{"start":{"line":97,"column":0},"end":{"line":97,"column":43}},"97":{"start":{"line":98,"column":0},"end":{"line":98,"column":62}},"98":{"start":{"line":99,"column":0},"end":{"line":99,"column":51}},"99":{"start":{"line":100,"column":0},"end":{"line":100,"column":54}},"100":{"start":{"line":101,"column":0},"end":{"line":101,"column":85}},"101":{"start":{"line":102,"column":0},"end":{"line":102,"column":37}},"107":{"start":{"line":108,"column":0},"end":{"line":108,"column":43}},"108":{"start":{"line":109,"column":0},"end":{"line":109,"column":59}},"109":{"start":{"line":110,"column":0},"end":{"line":110,"column":78}},"112":{"start":{"line":113,"column":0},"end":{"line":113,"column":43}},"113":{"start":{"line":114,"column":0},"end":{"line":114,"column":61}},"114":{"start":{"line":115,"column":0},"end":{"line":115,"column":77}},"121":{"start":{"line":122,"column":0},"end":{"line":122,"column":48}},"122":{"start":{"line":123,"column":0},"end":{"line":123,"column":80}},"123":{"start":{"line":124,"column":0},"end":{"line":124,"column":49}},"130":{"start":{"line":131,"column":0},"end":{"line":131,"column":1}},"132":{"start":{"line":133,"column":0},"end":{"line":133,"column":23}}},"s":{"0":1,"1":1,"2":1,"3":1,"4":1,"5":1,"7":12,"8":12,"9":12,"10":12,"11":12,"12":12,"13":12,"15":12,"16":4,"17":12,"19":12,"20":4,"21":4,"22":4,"23":4,"24":4,"25":4,"26":4,"27":4,"28":0,"29":4,"30":4,"31":4,"32":4,"33":4,"34":12,"36":12,"37":1,"38":1,"39":1,"41":12,"42":8,"43":8,"44":8,"45":8,"48":8,"50":4,"51":4,"53":12,"55":12,"56":12,"57":12,"58":12,"59":12,"60":12,"61":12,"62":12,"63":12,"64":12,"68":12,"69":12,"70":12,"71":12,"72":0,"74":12,"75":12,"80":12,"81":12,"82":12,"83":12,"84":12,"86":12,"87":12,"92":12,"93":12,"95":12,"96":12,"97":12,"98":12,"99":12,"100":12,"101":12,"107":12,"108":12,"109":12,"112":12,"113":12,"114":12,"121":12,"122":12,"123":12,"130":12,"132":1},"branchMap":{"0":{"type":"branch","line":8,"loc":{"start":{"line":8,"column":0},"end":{"line":131,"column":1}},"locations":[{"start":{"line":8,"column":0},"end":{"line":131,"column":1}}]},"1":{"type":"branch","line":42,"loc":{"start":{"line":42,"column":6},"end":{"line":42,"column":29}},"locations":[{"start":{"line":42,"column":6},"end":{"line":42,"column":29}}]},"2":{"type":"branch","line":42,"loc":{"start":{"line":42,"column":18},"end":{"line":42,"column":39}},"locations":[{"start":{"line":42,"column":18},"end":{"line":42,"column":39}}]},"3":{"type":"branch","line":42,"loc":{"start":{"line":42,"column":39},"end":{"line":49,"column":3}},"locations":[{"start":{"line":42,"column":39},"end":{"line":49,"column":3}}]},"4":{"type":"branch","line":49,"loc":{"start":{"line":49,"column":2},"end":{"line":54,"column":61}},"locations":[{"start":{"line":49,"column":2},"end":{"line":54,"column":61}}]},"5":{"type":"branch","line":54,"loc":{"start":{"line":54,"column":68},"end":{"line":54,"column":104}},"locations":[{"start":{"line":54,"column":68},"end":{"line":54,"column":104}}]},"6":{"type":"branch","line":72,"loc":{"start":{"line":72,"column":96},"end":{"line":73,"column":47}},"locations":[{"start":{"line":72,"column":96},"end":{"line":73,"column":47}}]},"7":{"type":"branch","line":88,"loc":{"start":{"line":88,"column":38},"end":{"line":88,"column":53}},"locations":[{"start":{"line":88,"column":38},"end":{"line":88,"column":53}}]},"8":{"type":"branch","line":88,"loc":{"start":{"line":88,"column":46},"end":{"line":88,"column":58}},"locations":[{"start":{"line":88,"column":46},"end":{"line":88,"column":58}}]},"9":{"type":"branch","line":16,"loc":{"start":{"line":16,"column":12},"end":{"line":18,"column":5}},"locations":[{"start":{"line":16,"column":12},"end":{"line":18,"column":5}}]},"10":{"type":"branch","line":20,"loc":{"start":{"line":20,"column":12},"end":{"line":35,"column":5}},"locations":[{"start":{"line":20,"column":12},"end":{"line":35,"column":5}}]},"11":{"type":"branch","line":21,"loc":{"start":{"line":21,"column":22},"end":{"line":33,"column":6}},"locations":[{"start":{"line":21,"column":22},"end":{"line":33,"column":6}}]},"12":{"type":"branch","line":28,"loc":{"start":{"line":28,"column":8},"end":{"line":30,"column":16}},"locations":[{"start":{"line":28,"column":8},"end":{"line":30,"column":16}}]},"13":{"type":"branch","line":37,"loc":{"start":{"line":37,"column":25},"end":{"line":40,"column":4}},"locations":[{"start":{"line":37,"column":25},"end":{"line":40,"column":4}}]},"14":{"type":"branch","line":52,"loc":{"start":{"line":52,"column":4},"end":{"line":52,"column":75}},"locations":[{"start":{"line":52,"column":4},"end":{"line":52,"column":75}}]},"15":{"type":"branch","line":123,"loc":{"start":{"line":123,"column":51},"end":{"line":123,"column":80}},"locations":[{"start":{"line":123,"column":51},"end":{"line":123,"column":80}}]}},"b":{"0":[12],"1":[4],"2":[4],"3":[8],"4":[4],"5":[0],"6":[0],"7":[1],"8":[3],"9":[4],"10":[4],"11":[4],"12":[0],"13":[1],"14":[4],"15":[1]},"fnMap":{"0":{"name":"Pokedex","decl":{"start":{"line":8,"column":0},"end":{"line":131,"column":1}},"loc":{"start":{"line":8,"column":0},"end":{"line":131,"column":1}},"line":8},"1":{"name":"fetchData","decl":{"start":{"line":21,"column":22},"end":{"line":33,"column":6}},"loc":{"start":{"line":21,"column":22},"end":{"line":33,"column":6}},"line":21},"2":{"name":"toggleFavorite","decl":{"start":{"line":37,"column":25},"end":{"line":40,"column":4}},"loc":{"start":{"line":37,"column":25},"end":{"line":40,"column":4}},"line":37},"3":{"name":"onClick","decl":{"start":{"line":123,"column":51},"end":{"line":123,"column":80}},"loc":{"start":{"line":123,"column":51},"end":{"line":123,"column":80}},"line":123}},"f":{"0":12,"1":4,"2":1,"3":1}}
,"C:\\Users\\karin\\Desktop\\pinflag\\pinflag\\src\\pages\\Pokegrid.jsx": {"path":"C:\\Users\\karin\\Desktop\\pinflag\\pinflag\\src\\pages\\Pokegrid.jsx","all":false,"statementMap":{"0":{"start":{"line":1,"column":0},"end":{"line":1,"column":44}},"1":{"start":{"line":2,"column":0},"end":{"line":2,"column":47}},"2":{"start":{"line":3,"column":0},"end":{"line":3,"column":51}},"3":{"start":{"line":4,"column":0},"end":{"line":4,"column":52}},"4":{"start":{"line":5,"column":0},"end":{"line":5,"column":54}},"5":{"start":{"line":6,"column":0},"end":{"line":6,"column":42}},"6":{"start":{"line":7,"column":0},"end":{"line":7,"column":24}},"7":{"start":{"line":8,"column":0},"end":{"line":8,"column":26}},"8":{"start":{"line":9,"column":0},"end":{"line":9,"column":8}},"13":{"start":{"line":14,"column":0},"end":{"line":14,"column":21}},"14":{"start":{"line":15,"column":0},"end":{"line":15,"column":47}},"15":{"start":{"line":16,"column":0},"end":{"line":16,"column":43}},"16":{"start":{"line":17,"column":0},"end":{"line":17,"column":49}},"17":{"start":{"line":18,"column":0},"end":{"line":18,"column":60}},"18":{"start":{"line":19,"column":0},"end":{"line":19,"column":38}},"19":{"start":{"line":20,"column":0},"end":{"line":20,"column":47}},"21":{"start":{"line":22,"column":0},"end":{"line":22,"column":51}},"22":{"start":{"line":23,"column":0},"end":{"line":23,"column":63}},"23":{"start":{"line":24,"column":0},"end":{"line":24,"column":75}},"25":{"start":{"line":26,"column":0},"end":{"line":26,"column":33}},"26":{"start":{"line":27,"column":0},"end":{"line":27,"column":22}},"28":{"start":{"line":29,"column":0},"end":{"line":29,"column":19}},"29":{"start":{"line":30,"column":0},"end":{"line":30,"column":21}},"30":{"start":{"line":31,"column":0},"end":{"line":31,"column":46}},"31":{"start":{"line":32,"column":0},"end":{"line":32,"column":24}},"32":{"start":{"line":33,"column":0},"end":{"line":33,"column":24}},"33":{"start":{"line":34,"column":0},"end":{"line":34,"column":7}},"34":{"start":{"line":35,"column":0},"end":{"line":35,"column":9}},"36":{"start":{"line":37,"column":0},"end":{"line":37,"column":19}},"37":{"start":{"line":38,"column":0},"end":{"line":38,"column":33}},"38":{"start":{"line":39,"column":0},"end":{"line":39,"column":9}},"40":{"start":{"line":41,"column":0},"end":{"line":41,"column":19}},"41":{"start":{"line":42,"column":0},"end":{"line":42,"column":28}},"42":{"start":{"line":43,"column":0},"end":{"line":43,"column":36}},"43":{"start":{"line":44,"column":0},"end":{"line":44,"column":13}},"44":{"start":{"line":45,"column":0},"end":{"line":45,"column":5}},"46":{"start":{"line":47,"column":0},"end":{"line":47,"column":21}},"47":{"start":{"line":48,"column":0},"end":{"line":48,"column":9}},"48":{"start":{"line":49,"column":0},"end":{"line":49,"column":70}},"49":{"start":{"line":50,"column":0},"end":{"line":50,"column":22}},"50":{"start":{"line":51,"column":0},"end":{"line":51,"column":80}},"51":{"start":{"line":52,"column":0},"end":{"line":52,"column":41}},"52":{"start":{"line":53,"column":0},"end":{"line":53,"column":8}},"53":{"start":{"line":54,"column":0},"end":{"line":54,"column":40}},"54":{"start":{"line":55,"column":0},"end":{"line":55,"column":25}},"56":{"start":{"line":57,"column":0},"end":{"line":57,"column":36}},"57":{"start":{"line":58,"column":0},"end":{"line":58,"column":47}},"58":{"start":{"line":59,"column":0},"end":{"line":59,"column":26}},"59":{"start":{"line":60,"column":0},"end":{"line":60,"column":4}},"61":{"start":{"line":62,"column":0},"end":{"line":62,"column":43}},"62":{"start":{"line":63,"column":0},"end":{"line":63,"column":76}},"63":{"start":{"line":64,"column":0},"end":{"line":64,"column":73}},"64":{"start":{"line":65,"column":0},"end":{"line":65,"column":23}},"65":{"start":{"line":66,"column":0},"end":{"line":66,"column":69}},"66":{"start":{"line":67,"column":0},"end":{"line":67,"column":29}},"67":{"start":{"line":68,"column":0},"end":{"line":68,"column":81}},"69":{"start":{"line":70,"column":0},"end":{"line":70,"column":78}},"70":{"start":{"line":71,"column":0},"end":{"line":71,"column":5}},"72":{"start":{"line":73,"column":0},"end":{"line":73,"column":75}},"74":{"start":{"line":75,"column":0},"end":{"line":75,"column":19}},"75":{"start":{"line":76,"column":0},"end":{"line":76,"column":59}},"76":{"start":{"line":77,"column":0},"end":{"line":77,"column":35}},"77":{"start":{"line":78,"column":0},"end":{"line":78,"column":33}},"79":{"start":{"line":80,"column":0},"end":{"line":80,"column":19}},"80":{"start":{"line":81,"column":0},"end":{"line":81,"column":21}},"81":{"start":{"line":82,"column":0},"end":{"line":82,"column":13}},"82":{"start":{"line":83,"column":0},"end":{"line":83,"column":24}},"83":{"start":{"line":84,"column":0},"end":{"line":84,"column":7}},"84":{"start":{"line":85,"column":0},"end":{"line":85,"column":13}},"86":{"start":{"line":87,"column":0},"end":{"line":87,"column":10}},"87":{"start":{"line":88,"column":0},"end":{"line":88,"column":40}},"88":{"start":{"line":89,"column":0},"end":{"line":89,"column":13}},"89":{"start":{"line":90,"column":0},"end":{"line":90,"column":23}},"90":{"start":{"line":91,"column":0},"end":{"line":91,"column":34}},"91":{"start":{"line":92,"column":0},"end":{"line":92,"column":25}},"92":{"start":{"line":93,"column":0},"end":{"line":93,"column":21}},"93":{"start":{"line":94,"column":0},"end":{"line":94,"column":10}},"94":{"start":{"line":95,"column":0},"end":{"line":95,"column":32}},"95":{"start":{"line":96,"column":0},"end":{"line":96,"column":29}},"96":{"start":{"line":97,"column":0},"end":{"line":97,"column":21}},"97":{"start":{"line":98,"column":0},"end":{"line":98,"column":10}},"98":{"start":{"line":99,"column":0},"end":{"line":99,"column":38}},"99":{"start":{"line":100,"column":0},"end":{"line":100,"column":35}},"100":{"start":{"line":101,"column":0},"end":{"line":101,"column":21}},"101":{"start":{"line":102,"column":0},"end":{"line":102,"column":10}},"102":{"start":{"line":103,"column":0},"end":{"line":103,"column":37}},"103":{"start":{"line":104,"column":0},"end":{"line":104,"column":66}},"106":{"start":{"line":107,"column":0},"end":{"line":107,"column":18}},"107":{"start":{"line":108,"column":0},"end":{"line":108,"column":39}},"108":{"start":{"line":109,"column":0},"end":{"line":109,"column":59}},"109":{"start":{"line":110,"column":0},"end":{"line":110,"column":36}},"113":{"start":{"line":114,"column":0},"end":{"line":114,"column":39}},"114":{"start":{"line":115,"column":0},"end":{"line":115,"column":39}},"115":{"start":{"line":116,"column":0},"end":{"line":116,"column":24}},"116":{"start":{"line":117,"column":0},"end":{"line":117,"column":30}},"117":{"start":{"line":118,"column":0},"end":{"line":118,"column":33}},"118":{"start":{"line":119,"column":0},"end":{"line":119,"column":51}},"119":{"start":{"line":120,"column":0},"end":{"line":120,"column":59}},"120":{"start":{"line":121,"column":0},"end":{"line":121,"column":66}},"121":{"start":{"line":122,"column":0},"end":{"line":122,"column":67}},"127":{"start":{"line":128,"column":0},"end":{"line":128,"column":43}},"128":{"start":{"line":129,"column":0},"end":{"line":129,"column":73}},"132":{"start":{"line":133,"column":0},"end":{"line":133,"column":93}},"136":{"start":{"line":137,"column":0},"end":{"line":137,"column":64}},"138":{"start":{"line":139,"column":0},"end":{"line":139,"column":62}},"139":{"start":{"line":140,"column":0},"end":{"line":140,"column":56}},"140":{"start":{"line":141,"column":0},"end":{"line":141,"column":30}},"141":{"start":{"line":142,"column":0},"end":{"line":142,"column":11}},"142":{"start":{"line":143,"column":0},"end":{"line":143,"column":11}},"146":{"start":{"line":147,"column":0},"end":{"line":147,"column":62}},"147":{"start":{"line":148,"column":0},"end":{"line":148,"column":72}},"148":{"start":{"line":149,"column":0},"end":{"line":149,"column":28}},"149":{"start":{"line":150,"column":0},"end":{"line":150,"column":11}},"155":{"start":{"line":156,"column":0},"end":{"line":156,"column":1}},"157":{"start":{"line":158,"column":0},"end":{"line":158,"column":24}}},"s":{"0":1,"1":1,"2":1,"3":1,"4":1,"5":1,"6":1,"7":1,"8":1,"13":23,"14":23,"15":23,"16":23,"17":23,"18":23,"19":23,"21":23,"22":23,"23":23,"25":23,"26":23,"28":23,"29":7,"30":7,"31":7,"32":7,"33":7,"34":23,"36":23,"37":7,"38":23,"40":23,"41":7,"42":7,"43":7,"44":7,"46":0,"47":0,"48":0,"49":0,"50":0,"51":0,"52":0,"53":0,"54":23,"56":23,"57":1,"58":1,"59":1,"61":23,"62":18,"63":18,"64":18,"65":18,"66":18,"67":18,"69":18,"70":18,"72":23,"74":23,"75":23,"76":23,"77":23,"79":23,"80":7,"81":7,"82":7,"83":7,"84":23,"86":23,"87":23,"88":23,"89":23,"90":23,"91":1,"92":1,"93":1,"94":23,"95":1,"96":1,"97":1,"98":23,"99":0,"100":0,"101":0,"102":23,"103":23,"106":23,"107":14,"108":14,"109":14,"113":23,"114":23,"115":23,"116":23,"117":23,"118":23,"119":23,"120":23,"121":23,"127":23,"128":23,"132":23,"136":23,"138":23,"139":0,"140":0,"141":0,"142":0,"146":23,"147":0,"148":0,"149":0,"155":23,"157":1},"branchMap":{"0":{"type":"branch","line":14,"loc":{"start":{"line":14,"column":0},"end":{"line":156,"column":1}},"locations":[{"start":{"line":14,"column":0},"end":{"line":156,"column":1}}]},"1":{"type":"branch","line":107,"loc":{"start":{"line":107,"column":7},"end":{"line":114,"column":9}},"locations":[{"start":{"line":107,"column":7},"end":{"line":114,"column":9}}]},"2":{"type":"branch","line":29,"loc":{"start":{"line":29,"column":12},"end":{"line":35,"column":5}},"locations":[{"start":{"line":29,"column":12},"end":{"line":35,"column":5}}]},"3":{"type":"branch","line":31,"loc":{"start":{"line":31,"column":35},"end":{"line":34,"column":7}},"locations":[{"start":{"line":31,"column":35},"end":{"line":34,"column":7}}]},"4":{"type":"branch","line":37,"loc":{"start":{"line":37,"column":12},"end":{"line":39,"column":5}},"locations":[{"start":{"line":37,"column":12},"end":{"line":39,"column":5}}]},"5":{"type":"branch","line":41,"loc":{"start":{"line":41,"column":12},"end":{"line":55,"column":5}},"locations":[{"start":{"line":41,"column":12},"end":{"line":55,"column":5}}]},"6":{"type":"branch","line":45,"loc":{"start":{"line":45,"column":4},"end":{"line":55,"column":5}},"locations":[{"start":{"line":45,"column":4},"end":{"line":55,"column":5}}]},"7":{"type":"branch","line":57,"loc":{"start":{"line":57,"column":25},"end":{"line":60,"column":4}},"locations":[{"start":{"line":57,"column":25},"end":{"line":60,"column":4}}]},"8":{"type":"branch","line":62,"loc":{"start":{"line":62,"column":35},"end":{"line":71,"column":5}},"locations":[{"start":{"line":62,"column":35},"end":{"line":71,"column":5}}]},"9":{"type":"branch","line":64,"loc":{"start":{"line":64,"column":29},"end":{"line":64,"column":73}},"locations":[{"start":{"line":64,"column":29},"end":{"line":64,"column":73}}]},"10":{"type":"branch","line":66,"loc":{"start":{"line":66,"column":7},"end":{"line":66,"column":69}},"locations":[{"start":{"line":66,"column":7},"end":{"line":66,"column":69}}]},"11":{"type":"branch","line":68,"loc":{"start":{"line":68,"column":7},"end":{"line":68,"column":81}},"locations":[{"start":{"line":68,"column":7},"end":{"line":68,"column":81}}]},"12":{"type":"branch","line":70,"loc":{"start":{"line":70,"column":11},"end":{"line":70,"column":45}},"locations":[{"start":{"line":70,"column":11},"end":{"line":70,"column":45}}]},"13":{"type":"branch","line":70,"loc":{"start":{"line":70,"column":26},"end":{"line":70,"column":60}},"locations":[{"start":{"line":70,"column":26},"end":{"line":70,"column":60}}]},"14":{"type":"branch","line":70,"loc":{"start":{"line":70,"column":45},"end":{"line":70,"column":78}},"locations":[{"start":{"line":70,"column":45},"end":{"line":70,"column":78}}]},"15":{"type":"branch","line":66,"loc":{"start":{"line":66,"column":34},"end":{"line":66,"column":69}},"locations":[{"start":{"line":66,"column":34},"end":{"line":66,"column":69}}]},"16":{"type":"branch","line":75,"loc":{"start":{"line":75,"column":12},"end":{"line":78,"column":5}},"locations":[{"start":{"line":75,"column":12},"end":{"line":78,"column":5}}]},"17":{"type":"branch","line":77,"loc":{"start":{"line":77,"column":24},"end":{"line":77,"column":35}},"locations":[{"start":{"line":77,"column":24},"end":{"line":77,"column":35}}]},"18":{"type":"branch","line":80,"loc":{"start":{"line":80,"column":12},"end":{"line":85,"column":5}},"locations":[{"start":{"line":80,"column":12},"end":{"line":85,"column":5}}]},"19":{"type":"branch","line":91,"loc":{"start":{"line":91,"column":24},"end":{"line":94,"column":10}},"locations":[{"start":{"line":91,"column":24},"end":{"line":94,"column":10}}]},"20":{"type":"branch","line":95,"loc":{"start":{"line":95,"column":22},"end":{"line":98,"column":10}},"locations":[{"start":{"line":95,"column":22},"end":{"line":98,"column":10}}]},"21":{"type":"branch","line":121,"loc":{"start":{"line":121,"column":23},"end":{"line":121,"column":66}},"locations":[{"start":{"line":121,"column":23},"end":{"line":121,"column":66}}]},"22":{"type":"branch","line":122,"loc":{"start":{"line":122,"column":32},"end":{"line":122,"column":67}},"locations":[{"start":{"line":122,"column":32},"end":{"line":122,"column":67}}]}},"b":{"0":[23],"1":[14],"2":[7],"3":[7],"4":[7],"5":[7],"6":[0],"7":[1],"8":[18],"9":[0],"10":[2],"11":[0],"12":[17],"13":[17],"14":[16],"15":[2],"16":[23],"17":[0],"18":[7],"19":[1],"20":[1],"21":[1],"22":[1]},"fnMap":{"0":{"name":"PokeGrid","decl":{"start":{"line":14,"column":0},"end":{"line":156,"column":1}},"loc":{"start":{"line":14,"column":0},"end":{"line":156,"column":1}},"line":14},"1":{"name":"toggleFavorite","decl":{"start":{"line":57,"column":25},"end":{"line":60,"column":4}},"loc":{"start":{"line":57,"column":25},"end":{"line":60,"column":4}},"line":57},"2":{"name":"onSearchChange","decl":{"start":{"line":91,"column":24},"end":{"line":94,"column":10}},"loc":{"start":{"line":91,"column":24},"end":{"line":94,"column":10}},"line":91},"3":{"name":"onTypeChange","decl":{"start":{"line":95,"column":22},"end":{"line":98,"column":10}},"loc":{"start":{"line":95,"column":22},"end":{"line":98,"column":10}},"line":95},"4":{"name":"onGenerationChange","decl":{"start":{"line":99,"column":28},"end":{"line":102,"column":10}},"loc":{"start":{"line":99,"column":28},"end":{"line":102,"column":10}},"line":99},"5":{"name":"onToggleFavorites","decl":{"start":{"line":104,"column":27},"end":{"line":104,"column":66}},"loc":{"start":{"line":104,"column":27},"end":{"line":104,"column":66}},"line":104},"6":{"name":"onClick","decl":{"start":{"line":121,"column":23},"end":{"line":121,"column":66}},"loc":{"start":{"line":121,"column":23},"end":{"line":121,"column":66}},"line":121},"7":{"name":"onToggleFavorite","decl":{"start":{"line":122,"column":32},"end":{"line":122,"column":67}},"loc":{"start":{"line":122,"column":32},"end":{"line":122,"column":67}},"line":122},"8":{"name":"onClick","decl":{"start":{"line":129,"column":55},"end":{"line":129,"column":73}},"loc":{"start":{"line":129,"column":55},"end":{"line":129,"column":73}},"line":129},"9":{"name":"onClick","decl":{"start":{"line":133,"column":55},"end":{"line":133,"column":93}},"loc":{"start":{"line":133,"column":55},"end":{"line":133,"column":93}},"line":133},"10":{"name":"onClick","decl":{"start":{"line":139,"column":55},"end":{"line":143,"column":11}},"loc":{"start":{"line":139,"column":55},"end":{"line":143,"column":11}},"line":139},"11":{"name":"onClick","decl":{"start":{"line":147,"column":55},"end":{"line":150,"column":11}},"loc":{"start":{"line":147,"column":55},"end":{"line":150,"column":11}},"line":147}},"f":{"0":23,"1":1,"2":1,"3":1,"4":0,"5":0,"6":1,"7":1,"8":0,"9":0,"10":0,"11":0}}
,"C:\\Users\\karin\\Desktop\\pinflag\\pinflag\\src\\services\\api.js": {"path":"C:\\Users\\karin\\Desktop\\pinflag\\pinflag\\src\\services\\api.js","all":true,"statementMap":{"0":{"start":{"line":1,"column":0},"end":{"line":1,"column":26}},"1":{"start":{"line":2,"column":0},"end":{"line":2,"column":0}},"2":{"start":{"line":3,"column":0},"end":{"line":3,"column":64}},"3":{"start":{"line":4,"column":0},"end":{"line":4,"column":104}},"4":{"start":{"line":5,"column":0},"end":{"line":5,"column":36}},"5":{"start":{"line":6,"column":0},"end":{"line":6,"column":65}},"6":{"start":{"line":7,"column":0},"end":{"line":7,"column":4}},"7":{"start":{"line":8,"column":0},"end":{"line":8,"column":17}},"8":{"start":{"line":9,"column":0},"end":{"line":9,"column":1}}},"s":{"0":0,"1":0,"2":0,"3":0,"4":0,"5":0,"6":0,"7":0,"8":0},"branchMap":{"0":{"type":"branch","line":1,"loc":{"start":{"line":1,"column":333},"end":{"line":9,"column":1}},"locations":[{"start":{"line":1,"column":333},"end":{"line":9,"column":1}}]}},"b":{"0":[0]},"fnMap":{"0":{"name":"(empty-report)","decl":{"start":{"line":1,"column":333},"end":{"line":9,"column":1}},"loc":{"start":{"line":1,"column":333},"end":{"line":9,"column":1}},"line":1}},"f":{"0":0}}
,"C:\\Users\\karin\\Desktop\\pinflag\\pinflag\\src\\services\\favorites.js": {"path":"C:\\Users\\karin\\Desktop\\pinflag\\pinflag\\src\\services\\favorites.js","all":true,"statementMap":{"0":{"start":{"line":1,"column":0},"end":{"line":1,"column":32}},"1":{"start":{"line":2,"column":0},"end":{"line":2,"column":63}},"2":{"start":{"line":3,"column":0},"end":{"line":3,"column":1}},"3":{"start":{"line":4,"column":0},"end":{"line":4,"column":0}},"4":{"start":{"line":5,"column":0},"end":{"line":5,"column":42}},"5":{"start":{"line":6,"column":0},"end":{"line":6,"column":65}},"6":{"start":{"line":7,"column":0},"end":{"line":7,"column":1}},"7":{"start":{"line":8,"column":0},"end":{"line":8,"column":0}},"8":{"start":{"line":9,"column":0},"end":{"line":9,"column":38}},"9":{"start":{"line":10,"column":0},"end":{"line":10,"column":33}},"10":{"start":{"line":11,"column":0},"end":{"line":11,"column":40}},"11":{"start":{"line":12,"column":0},"end":{"line":12,"column":39}},"12":{"start":{"line":13,"column":0},"end":{"line":13,"column":25}},"13":{"start":{"line":14,"column":0},"end":{"line":14,"column":25}},"14":{"start":{"line":15,"column":0},"end":{"line":15,"column":17}},"15":{"start":{"line":16,"column":0},"end":{"line":16,"column":1}}},"s":{"0":0,"1":0,"2":0,"3":0,"4":0,"5":0,"6":0,"7":0,"8":0,"9":0,"10":0,"11":0,"12":0,"13":0,"14":0,"15":0},"branchMap":{"0":{"type":"branch","line":1,"loc":{"start":{"line":1,"column":452},"end":{"line":16,"column":1}},"locations":[{"start":{"line":1,"column":452},"end":{"line":16,"column":1}}]}},"b":{"0":[0]},"fnMap":{"0":{"name":"(empty-report)","decl":{"start":{"line":1,"column":452},"end":{"line":16,"column":1}},"loc":{"start":{"line":1,"column":452},"end":{"line":16,"column":1}},"line":1}},"f":{"0":0}}
}
